# JRE version: Java(TM) SE Runtime Environment (24.0.1+9) (build 24.0.1+9-30)
# Java VM: Java HotSpot(TM) 64-Bit Server VM (24.0.1+9-30, mixed mode, emulated-client, sharing, tiered, compressed oops, compressed class ptrs, g1 gc, windows-amd64)
GC Precious Log:
 CardTable entry size: 512
 Card Set container configuration: InlinePtr #cards 5 size 8 Array Of Cards #cards 10 size 36 Howl #buckets 4 coarsen threshold 1843 Howl Bitmap #cards 512 size 80 coarsen threshold 460 Card regions per heap region 1 cards per card region 2048
 CPUs: 12 total, 12 available
 Memory: 7865M
 Large Page Support: Disabled
 NUMA Support: Disabled
 Compressed Oops: Enabled (32-bit)
 Heap Region Size: 1M
 Heap Min Capacity: 8M
 Heap Initial Capacity: 124M
 Heap Max Capacity: 1968M
 Pre-touch: Disabled
 Parallel Workers: 10
 Concurrent Workers: 3
 Concurrent Refinement Workers: 10
 Periodic GC: Disabled
Heap:
 garbage-first heap   total reserved 2015232K, committed 98304K, used 55991K [0x0000000085000000, 0x0000000100000000)
  region size 1024K, 2 young (2048K), 2 survivors (2048K)
 Metaspace       used 68372K, committed 68992K, reserved 1114112K
  class space    used 8134K, committed 8384K, reserved 1048576K
GC Heap History (20 events):
Event: 5.483 GC heap after
{Heap after GC invocations=8 (full 0):
 garbage-first heap   total reserved 2015232K, committed 55296K, used 23227K [0x0000000085000000, 0x0000000100000000)
  region size 1024K, 3 young (3072K), 3 survivors (3072K)
 Metaspace       used 35630K, committed 36096K, reserved 1114112K
  class space    used 4068K, committed 4288K, reserved 1048576K
}
Event: 6.152 GC heap before
{Heap before GC invocations=9 (full 0):
 garbage-first heap   total reserved 2015232K, committed 55296K, used 45755K [0x0000000085000000, 0x0000000100000000)
  region size 1024K, 25 young (25600K), 3 survivors (3072K)
 Metaspace       used 41480K, committed 41984K, reserved 1114112K
  class space    used 4721K, committed 4928K, reserved 1048576K
}
Event: 6.162 GC heap after
{Heap after GC invocations=10 (full 0):
 garbage-first heap   total reserved 2015232K, committed 55296K, used 24608K [0x0000000085000000, 0x0000000100000000)
  region size 1024K, 2 young (2048K), 2 survivors (2048K)
 Metaspace       used 41480K, committed 41984K, reserved 1114112K
  class space    used 4721K, committed 4928K, reserved 1048576K
}
Event: 6.821 GC heap before
{Heap before GC invocations=10 (full 0):
 garbage-first heap   total reserved 2015232K, committed 55296K, used 46112K [0x0000000085000000, 0x0000000100000000)
  region size 1024K, 24 young (24576K), 2 survivors (2048K)
 Metaspace       used 47333K, committed 47872K, reserved 1114112K
  class space    used 5265K, committed 5504K, reserved 1048576K
}
Event: 6.830 GC heap after
{Heap after GC invocations=11 (full 0):
 garbage-first heap   total reserved 2015232K, committed 66560K, used 26050K [0x0000000085000000, 0x0000000100000000)
  region size 1024K, 3 young (3072K), 3 survivors (3072K)
 Metaspace       used 47333K, committed 47872K, reserved 1114112K
  class space    used 5265K, committed 5504K, reserved 1048576K
}
Event: 7.565 GC heap before
{Heap before GC invocations=11 (full 0):
 garbage-first heap   total reserved 2015232K, committed 66560K, used 55746K [0x0000000085000000, 0x0000000100000000)
  region size 1024K, 33 young (33792K), 3 survivors (3072K)
 Metaspace       used 55777K, committed 56320K, reserved 1114112K
  class space    used 6237K, committed 6464K, reserved 1048576K
}
Event: 7.572 GC heap after
{Heap after GC invocations=12 (full 0):
 garbage-first heap   total reserved 2015232K, committed 66560K, used 27642K [0x0000000085000000, 0x0000000100000000)
  region size 1024K, 3 young (3072K), 3 survivors (3072K)
 Metaspace       used 55777K, committed 56320K, reserved 1114112K
  class space    used 6237K, committed 6464K, reserved 1048576K
}
Event: 8.402 GC heap before
{Heap before GC invocations=12 (full 0):
 garbage-first heap   total reserved 2015232K, committed 66560K, used 48122K [0x0000000085000000, 0x0000000100000000)
  region size 1024K, 24 young (24576K), 3 survivors (3072K)
 Metaspace       used 59908K, committed 60416K, reserved 1114112K
  class space    used 6693K, committed 6912K, reserved 1048576K
}
Event: 8.408 GC heap after
{Heap after GC invocations=13 (full 0):
 garbage-first heap   total reserved 2015232K, committed 66560K, used 28876K [0x0000000085000000, 0x0000000100000000)
  region size 1024K, 3 young (3072K), 3 survivors (3072K)
 Metaspace       used 59908K, committed 60416K, reserved 1114112K
  class space    used 6693K, committed 6912K, reserved 1048576K
}
Event: 8.906 GC heap before
{Heap before GC invocations=14 (full 0):
 garbage-first heap   total reserved 2015232K, committed 66560K, used 58572K [0x0000000085000000, 0x0000000100000000)
  region size 1024K, 32 young (32768K), 3 survivors (3072K)
 Metaspace       used 63190K, committed 63808K, reserved 1114112K
  class space    used 7168K, committed 7424K, reserved 1048576K
}
Event: 8.910 GC heap after
{Heap after GC invocations=15 (full 0):
 garbage-first heap   total reserved 2015232K, committed 66560K, used 30616K [0x0000000085000000, 0x0000000100000000)
  region size 1024K, 3 young (3072K), 3 survivors (3072K)
 Metaspace       used 63190K, committed 63808K, reserved 1114112K
  class space    used 7168K, committed 7424K, reserved 1048576K
}
Event: 9.233 GC heap before
{Heap before GC invocations=15 (full 0):
 garbage-first heap   total reserved 2015232K, committed 66560K, used 59288K [0x0000000085000000, 0x0000000100000000)
  region size 1024K, 31 young (31744K), 3 survivors (3072K)
 Metaspace       used 66727K, committed 67328K, reserved 1114112K
  class space    used 7888K, committed 8128K, reserved 1048576K
}
Event: 9.239 GC heap after
{Heap after GC invocations=16 (full 0):
 garbage-first heap   total reserved 2015232K, committed 66560K, used 32484K [0x0000000085000000, 0x0000000100000000)
  region size 1024K, 4 young (4096K), 4 survivors (4096K)
 Metaspace       used 66727K, committed 67328K, reserved 1114112K
  class space    used 7888K, committed 8128K, reserved 1048576K
}
Event: 9.370 GC heap before
{Heap before GC invocations=16 (full 0):
 garbage-first heap   total reserved 2015232K, committed 66560K, used 58084K [0x0000000085000000, 0x0000000100000000)
  region size 1024K, 29 young (29696K), 4 survivors (4096K)
 Metaspace       used 68365K, committed 68992K, reserved 1114112K
  class space    used 8132K, committed 8384K, reserved 1048576K
}
Event: 9.375 GC heap after
{Heap after GC invocations=17 (full 0):
 garbage-first heap   total reserved 2015232K, committed 66560K, used 33176K [0x0000000085000000, 0x0000000100000000)
  region size 1024K, 3 young (3072K), 3 survivors (3072K)
 Metaspace       used 68365K, committed 68992K, reserved 1114112K
  class space    used 8132K, committed 8384K, reserved 1048576K
}
Event: 9.424 GC heap before
{Heap before GC invocations=17 (full 0):
 garbage-first heap   total reserved 2015232K, committed 66560K, used 58776K [0x0000000085000000, 0x0000000100000000)
  region size 1024K, 28 young (28672K), 3 survivors (3072K)
 Metaspace       used 68372K, committed 68992K, reserved 1114112K
  class space    used 8134K, committed 8384K, reserved 1048576K
}
Event: 9.433 GC heap after
{Heap after GC invocations=18 (full 0):
 garbage-first heap   total reserved 2015232K, committed 71680K, used 42693K [0x0000000085000000, 0x0000000100000000)
  region size 1024K, 4 young (4096K), 4 survivors (4096K)
 Metaspace       used 68372K, committed 68992K, reserved 1114112K
  class space    used 8134K, committed 8384K, reserved 1048576K
}
Event: 9.469 GC heap before
{Heap before GC invocations=19 (full 0):
 garbage-first heap   total reserved 2015232K, committed 71680K, used 61125K [0x0000000085000000, 0x0000000100000000)
  region size 1024K, 22 young (22528K), 4 survivors (4096K)
 Metaspace       used 68372K, committed 68992K, reserved 1114112K
  class space    used 8134K, committed 8384K, reserved 1048576K
}
Event: 9.476 GC heap after
{Heap after GC invocations=20 (full 0):
 garbage-first heap   total reserved 2015232K, committed 72704K, used 49998K [0x0000000085000000, 0x0000000100000000)
  region size 1024K, 3 young (3072K), 3 survivors (3072K)
 Metaspace       used 68372K, committed 68992K, reserved 1114112K
  class space    used 8134K, committed 8384K, reserved 1048576K
}
Event: 9.500 GC heap before
{Heap before GC invocations=20 (full 0):
 garbage-first heap   total reserved 2015232K, committed 72704K, used 64334K [0x0000000085000000, 0x0000000100000000)
  region size 1024K, 16 young (16384K), 3 survivors (3072K)
 Metaspace       used 68372K, committed 68992K, reserved 1114112K
  class space    used 8134K, committed 8384K, reserved 1048576K
}

